500
0 7414 4486 4541 5795 8175 9123 5678 1084 2863 296 4693 5389
1 578 1796 3079 7228 2586 4704 4541 7437 482 5692 9442
2 3766 8416 6457 2289 2863 296 2408 4693 7156 1439 22 7012
3 4293 5097 1323 5634 6506 871 3743 5330 4880 6224 728 5825 4985 9139 7762
4 3005 5135 9305 6213 8469 815 7611 7215 4821 4486 949 4558 450 6101 9301 1668 2555
5 7174 1181 3743 3375 4356 7437 1032 4761 232 5769 1935 250
6 779 2279 4821 3392 3079 7399 2406 2918 4340 3017 5155 5509 4060 5880
7 9688 3895 4938 8469 4880 7503 854 6639 6265 5350 1020 3362 712 7736 79 6613 5715
8 6379 7228 1908 7474 6249 9636 5692 2061 273 4326 8994
9 5097 6258 4558 4704 7459 482 3153 7340 2764 6226 5682 3464 9035 273 523 8722 9013 7762
10 1796 3079 6258 7382 4486 4721 232 7340 4929 8416 191 3453 2856 6920 2340 2288
11 4588 3417 8175 7232 9728 4693 4388 2203 9935 4027 9968
12 5135 6607 1181 1208 3375 360 5682 2124 2111 2203 1439 1956 1383 2962 2555
13 3005 8549 915 8469 366 7215 6379 4821 6607 8841 6170 3012
14 1423 3297 5547 7382 3743 4541 7642 3153 232 2764 5682 7810 8579 4985
15 790 6213 915 3745 7382 7414 1336 4486 5330 7459 6351 5825 5350 2856 6920 7736 1625 2240 2
16 4293 4938 1905 6379 5059 7474 4683 5941 8674 6170 9199 979 6613
17 6506 8040 7228 7437 5754 6639 4076 5929 8098 6920 7949
18 4821 9102 728 4140 7352 7434 5769 191 8885 712 6920 6054
19 4721 854 8895 232 6226 191 4076 8885 5535 6920 1625 4326
20 6267 854 728 6265 5350 5769 2669 8683 3362 1935 4134 8125
21 6257 2515 8040 6859 1208 3743 7642 8768 5941 9450 9666 133 7709
22 5350 8674 3417 8175 5155 6295 9728 5509 4388 9935 6698 6413 7012 4326 3074
23 779 2279 6519 7382 949 2586 4880 6639 2061 3843 5948 8885 450 7285 1625 2340 5880
24 4293 7474 7459 6425 5522 9442 4588 8175 9123 5678 296 6170 8722 3111
25 790 4938 3079 7503 4140 5350 3843 8416 4766 2741 4076 4086 1625
26 3895 3392 6519 7399 2764 2034 2124 3464 4076 8885 450 2263 9139 6547 2288
27 6267 6224 728 5692 6265 3153 8683 7233 6295 2863 296 5509 496 6613 7153
28 6379 871 3557 1336 6468 4356 10 6425 7352 232 360 3843 5522 5948 4060 4326 7699 321
29 2111 9827 6457 3362 9728 1084 2289 2863 296 4388 6547 7699 8125
30 1323 854 5704 5769 4929 141 2314 2669 5929 6956 4086 1273 9007 6613
31 4938 779 2279 1796 1908 5679 8895 3888 141 1625 9615
32 1423 915 815 1181 4356 2918 6639 8674 5769 3464 1262 2240 2288
33 3557 1208 7437 6351 1072 5825 9636 7352 4761 4683 412
34 1323 1796 3079 3153 5795 9035 8175 3024 1084 4086 2863 296 7156 1439 250 935 6613
35 10 2061 8140 8674 2764 5522 191 3637 9035 273 9666 4086 523 7413 1534 2962
36 2406 5679 5522 2669 3464 4076 6956 3417 9728 3 4027
37 4039 7503 232 2034 3017 3637 9450 9035 8098 8111 9013 5880
38 5135 6213 7611 4039 7228 9102 3743 6468 3017 8885 9139 5251 6101 9968
39 4938 915 8469 8750 6379 1796 6859 6258 7382 728 1956 2240 8125
40 5097 3745 1905 7174 3743 9265 5704 5522 2034 8841 8835 4588 5509 22 8579 7709
41 8768 5941 7810 2314 8885 5535 8483 3024 6413 8722 1625 2340 2
42 915 6379 1181 9102 6258 4541 6249 10 5825 6265 8416 8841 6698 3012
43 4644 3297 8549 5634 7174 3079 6258 949 6468 2586 5330 5825 2263 412 2962
44 7925 578 3392 2586 4356 4541 5754 854 5825 4929 6226 7713 22 712 7438
45 3005 3297 9688 779 2279 6859 246 6258 3743 4721 6468 4558 6351 2918 3843 6101 7699 2962
46 3464 273 8885 3417 9728 2289 5509 4693 4388 2203 2210 6170 1625 6547
47 871 7810 2111 1262 5929 8483 3453 8098 9827 3417 4134 712 745
48 8469 366 1905 6379 7174 3557 4541 6639 4683 7434 3766 2340
49 3005 1323 7503 6267 5692 4929 4766 191 2111 5795 6956 6020 7285 2240 1668
50 4293 9688 4938 779 6607 1208 1908 4721 5679 4766 3936
51 3005 779 6506 2279 4821 3392 7174 7399 2486 3843 141 450 8722 7736
52 8483 9827 9123 5678 1084 2289 2408 4693 1439 1273 9301 935 7699 6613
53 9102 7414 1032 2034 4766 2314 5535 4588 1935 2203 450 7285 979
54 1423 4938 5135 779 9305 8750 7228 4704 1032 5704 8140 4326 935
55 915 578 949 1020 2034 7810 1309 4814 4588 6295 1439 6020 9013 7438
56 4293 7215 2515 6379 6607 7228 1908 4704 3885 2555
57 3005 9688 5135 6249 3017 3637 9450 273 9442 6457 22 6014 3074 79
58 4293 3005 366 7925 871 246 7399 2406 7474 1072 482 728 9265 5948 3111
59 1323 5769 1020 9035 8175 7233 2602 9123 5678 2863 1439 3885 1625 2340 3012 5715
60 1423 7215 2515 2486 5350 8895 8615 2669 2741 5795 5155 2203 1956 5359 979 79
61 1423 5097 5634 7215 1181 728 4340 8615 8674 4929 2111 273 6413 1625 6547
62 4293 815 7611 6379 5547 4541 2918 7503 6267 4340 2764 9666 4985 6020 250 2240 9968
63 5547 5754 4076 5929 6457 9728 1084 4086 296 5509 7156 1496 6101 2555
64 3895 5135 3745 1905 2279 4821 1796 5059 4486 949 4721 6226 523 7413
65 1423 4644 4938 6213 6859 3079 246 4486 3536 4356 1072 6224 4766 8841 4060 9968
66 5704 5682 5795 5535 4814 8835 8175 3362 5155 9123 2203 6101 935 2555
67 6468 1072 728 7352 1020 6226 191 8841 5535 8683 8098 9666 4060 9013 412
68 1905 6258 5679 5754 6639 5825 1032 2061 5704 360 4929 2741 3464 8841 450 4060 979
69 6257 3005 3297 1181 3557 5547 949 2061 3153 4766 1309 2741 9035 1262 6698 6920 1383 6547 8994
70 4293 9688 815 3392 5059 7228 7414 3536 4704 5155 1956 9139 7736
71 6213 2279 4821 3557 2406 4721 6249 10 4761 450 1625 9013
72 3888 5682 5929 9827 6457 8175 7713 2408 1439
73 366 8040 8416 3888 8841 8483 4814 6457 3362 7232 9139 7285 6014 8994
74 9305 7115 7174 7414 3536 482 4340 7352 4683 4060 2818 7438
75 3017 7810 2314 9450 9035 5929 8098 4086 4985 4362 1625 9301
76 3895 366 815 8750 7115 1908 4721 1072 9265 4683 450 7736 6101 2240 2
77 3745 6506 7115 1181 3557 4541 6351 8768 4880 7503 6224 10 1032 5948 8841 1496 979 6613
78 1423 9688 3895 9305 8750 8040 871 5059 5547 7399 1336 2406 2586 4340 1496 4060 523
79 5634 6267 8140 8416 1020 7810 5535 8683 3024 1084 5509 8579 9199
80 6213 246 2918 6639 4140 5704 8416 2034 5948 8098 8835 4134 3885 7736 1668 3012 9007
81 790 5547 7414 4486 5330 3375 7437 6351 10 4683 8615 6226 7713 712 6101 2240 8125
82 5704 4814 5678 3024 1084 2289 5509 4693 7156 9935 8111 3 1195 8994
83 9305 815 6506 4821 7115 5059 5547 7474 4356 4541 6639 4761 3453 9666 6170 9139 979
84 9688 6379 3392 4039 1181 7382 3660 3375 7503 6224 8841 4985 6920
85 482 6226 2314 4076 9442 8483 8835 8175 2863 6698 7285 5880 2962
86 1323 915 6859 4721 3536 8768 5692 1309 8683 3417 5359 4134 6020 6547 7413 3074 2240
87 1796 7414 854 9265 4761 6265 9442 8841 8098 3417 6295 8111 2263 523 979 9007
88 4644 1323 3895 915 815 7611 7215 7228 1208 3660 2486 7459 5948 9139 2240 7949 2555
89 2486 5941 4766 9035 5535 8098 8175 9123 9728 3 523
90 3660 6224 4683 4076 6956 6457 3417 9666 3362 712 4027
91 949 8768 6639 3017 2124 2314 2669 1309 8885 9442 7713 6170 9139 1383 7413
92 8040 5059 3079 6258 6519 6249 6224 6425 7352 2061 3843 5155 1496 2240 935 321
93 8469 2515 3392 6468 3660 4558 4356 854 728 4340 1309 7233 6020 5862
94 1323 5634 8750 246 1208 4721 6224 9636 1032 9265 5350 8579 4326 7153
95 4761 4683 7340 2314 9442 2602 9123 5509 4060 6014 935 6613
96 4486 949 5769 191 2669 5795 8098 8835 3362 6295 2863 6269 5880
97 7611 8040 6859 3557 1908 7352 5692 3153 7340 360 5155 133 6054 5880
98 6257 3895 5135 5634 578 7115 3557 7474 6267 10 7352 3843 5359 712 6014
99 1423 1323 815 3745 9102 3660 7474 1072 10 8674 2764 4929 3766 2741 712 4985 9007
100 6607 7642 482 6267 5754 854 5825 9265 4929 2741 273 6413 745
101 4644 1323 9688 8469 7925 4558 9636 1032 4683 232 6226 8885 8841 6295 7736 7699 8994
102 779 5634 3745 2515 6859 4704 4356 9636 8895 2764 1020 5359 2818 7949
103 1309 273 9827 6295 1935 2408 4693 7156 4388 8111 3 5359 745
104 9688 3895 5135 915 6506 7414 3743 949 5330 1072 3153 4929 8683 7713 7285 6101 1668 8387
105 4644 6506 3079 7228 1908 3743 3660 5679 4880 360 3453 450 5359 6170 6054
106 2515 2279 6859 7399 2406 4704 4356 6425 1032 5941 360 3111 1668 2555 5715
107 9688 6506 4821 2586 2486 7503 7352 360 2111 6956 2203 1956 133 3111 8387
108 3297 5135 8040 3392 2406 4704 4541 7437 7642 4880 232 2818 8387
109 790 6859 246 7474 6224 1032 5704 360 8674 2764 3888 1020 3637 5795 2856 22 3146 1383 935 9007
110 8469 5634 1208 1908 2406 2486 5330 7503 5754 5704 712 412
111 9305 8040 1908 3660 5330 5679 6351 8615 8416 191 4060 9199 7413 8125
112 949 7340 8615 3766 3888 6226 5682 2124 3464 4086 1625 3543 3012
113 779 6213 366 7215 7925 1336 5330 4880 2918 1032 6020 3146 935 321
114 4821 5330 7459 5754 4340 5692 5941 5522 2124 3464 9666 1042 979
115 3297 1905 3660 5350 7340 8674 3843 9442 8835 7233 712 3885 6101 5880
116 5704 360 191 5929 8683 9827 7232 2602 2863 1439 3146 7736 3074 9007
117 4644 4039 949 7474 3375 7459 5350 7340 1020 3017 3637 8885 3453 8683 1956 3146 6054 2340
118 9450 4076 4588 3417 8175 9123 9728 2863 6698 22 7012 979
119 2486 7459 7503 6639 5692 6265 5941 8674 5769 4929 6170 6020 8722 412 3936
120 1423 8750 7115 1908 949 8674 3766 5682 2124 3637 2263 523 3543
121 815 7174 6468 5692 1262 8175 2602 6295 2289 3146 9007
122 7925 578 7115 7642 360 191 3017 1262 8841 1625 6547
123 2061 7810 8683 6956 3417 2602 3024 1935 4086 7156 5359 6020 4362 6613
124 3745 3557 6519 4721 2486 4558 3375 7459 6249 3153 232 7340 5704 3843 6226 3637 79 2288
125 3297 815 3745 2279 1796 3079 7228 246 6519 7382 7414 2406 523 7699
126 9688 7382 4721 2486 5330 7437 6639 4761 6265 3153 6170 7949
127 4293 3005 5097 8549 3895 5135 5634 8750 871 6519 6267 4985 4027 6547 2340 1668 9007 321
128 5634 6379 2486 10 9265 3843 5682 2124 7810 5795 8483 3543 2555
129 790 5350 3888 1309 9035 1262 9827 4588 5155 7713 6698 7736 4362 412
130 4938 7115 3743 949 7437 5692 8615 5682 3017 2741 3362 4060 6020 4326 2340 979 7949
131 2486 728 4340 5350 4766 2124 5155 5678 296 4693 4388 1439 1956 3 2263 1496 6054 1871
132 7642 2918 4140 3766 8416 1020 3017 3464 3417 1195 6014 6613
133 366 6258 4721 232 5704 5769 4929 3017 3417 8175 5678 5251 8994
134 4293 246 2918 8674 4929 3017 1309 8098 8835 2263 4362 7709
135 5634 2406 4356 728 2034 2124 7810 2314 7713 1956 6413 6020 3543 2962
136 5097 3392 9102 1908 4880 854 4140 7340 4929 5682 8841 2263 8722 7012 79 2288
137 4938 5634 246 7399 1336 2406 4704 7459 6265 5941 2111 7233 4985 250 979 6613
138 6257 3005 1323 6213 8469 7611 578 7228 3743 7642 4880 4340 1042
139 1323 9305 1181 3557 7437 191 4588 6295 2289 5509 7156 8579
140 6257 7215 3392 7399 2406 5679 2918 5754 6425 2034 7652
141 4644 3297 790 7215 578 7115 7174 3743 4356 4541 728 9265 450 6920 9139 3012 2
142 4721 4340 6265 5522 8885 4814 7232 5678 9728 5509 8111 1496 7285 1625 412 7699
143 779 915 7925 7228 2586 3536 8768 7503 2288
144 4558 2669 9450 4076 9827 9123 6295 2289 4086 9583 496
145 3297 9305 6519 2586 4541 6267 5825 9636 5941 232 8140 3017 2263 3146 3012
146 9305 8750 7174 1181 2586 4558 7642 6249 2918 5359 4027 7438
147 273 6457 3417 7232 2863 296 2408 4693 7156 9583 712 4362 7709
148 1905 2279 8040 7115 7382 949 4704 5754 854 5825 7434 8416 9139 9199 8043 2
149 7925 6859 7399 6267 8895 2034 1309 9450 1439 6413 523 6054
150 1423 6257 5634 2279 4821 4039 3743 6468 7474 4541 5704 8140 7434 3766 2203 3885 9013
151 7382 1908 4704 7352 8895 360 7810 6295 6698 4362 979
152 1423 3297 790 7925 6351 6267 8895 7340 3888 1195 6613
153 4293 4644 3743 5330 4356 6267 6425 5825 9636 4761 6920 8994
154 4140 2764 5948 5682 9035 4588 8175 7232 1084 22 4027 5307 6613
155 6257 6213 8040 1796 3557 2406 4486 3375 854 232 360 8140 7434 5522 3453 5155 5389 2240 8387
156 9305 6506 578 6607 1181 1908 3743 5330 5679 7459 5704 1956 4060 712 6054 7699
157 7474 6267 5941 8895 3843 7810 5795 9666 7232 3024 8111 2263 1496 6020 5251
158 815 2515 8040 871 1181 9102 246 3660 4558 7459 6639 728 6425 5825 2856 1496 1668 321
159 5097 6639 2764 5929 4814 2863 296 2408 4388 9935 8111 3 523 8722 7012 979 8994
160 6258 10 232 8674 3637 3464 273 9442 5929 3453 8098 4588 5678 1956 4060 6020 1625 3012 2555
161 4938 3745 1905 3079 7228 1208 3375 8768 4140 3153 5704 8416 1020 2856 133 6547 2962
162 5754 8615 2111 2314 1309 3464 8835 7233 1439 2263 6054 9199 5307
163 6257 790 7611 3745 8040 6379 4821 1796 6519 7414 7474 4356 10 1032 7413
164 4880 8140 191 8885 4814 6457 8175 7232 9728 2863 2263 9301
165 5097 5135 7215 4821 7115 6859 9102 1208 1908 3743 3375 9265 2764 2856 4134 6920 7949
166 5634 5547 1208 2406 6267 854 2061 4929 3766 3464 3362 450 1956 3885 7012 7438
167 6257 9305 7925 246 482 5825 7352 4683 360 8615 7762
168 5097 790 1323 1181 3079 7399 7414 3743 3660 5330 3375 4541 7459 8768 4880 1496 6020 4326
169 6213 815 6258 232 3637 5795 1262 9442 5929 8483 9827 2602 1496 6920 6014
170 4293 5097 7925 3079 6519 1908 949 4880 4140 5692 2061 8841 3146 6054 1668
171 8469 3660 5825 141 4076 4814 9666 3362 296 2408 3146 7413 3012
172 5097 5059 3079 1336 3743 3660 8768 4761 360 8615 4766 1668 9968
173 6213 7115 6859 949 2486 5330 4541 7642 1072 482 2034 2741 8885 2203 523 3885 9139 3543 935 7949
174 2486 6249 6425 7434 3637 2669 1309 2741 9450 4076 273 712 9301
175 6506 4039 6249 9442 8483 7232 9123 2408 6698 4134 9301 321
176 9305 5330 854 6224 4140 6226 7810 2111 1262 8483 5359 3885 9013
177 9688 3895 6379 7174 6607 1208 6351 482 6265 3843 1262 412 8994
178 3005 4644 779 5634 8750 9102 7382 2586 4356 8841 6101 8125 2
179 1423 5097 9305 6258 949 3660 2486 3536 4704 5692 8895 8416 8841 3111 3936
180 7115 7174 4486 6468 2586 4929 273 8885 8175 3362 9728 8579 6014
181 8615 8416 3464 8483 8098 2602 9728 3024 2863 2203 1195 412 1668 2555
182 8549 7925 2515 6607 9102 7414 4356 6639 6425 3453 6698 7285 7736 2340
183 3153 7340 8416 9450 1262 8483 3453 8683 2856 8835 4086 1383 3074 745
184 5634 1905 3375 8416 141 2111 1309 4076 5929 3024 712
185 9688 3745 4356 4340 7810 4814 9827 2856 6457 4588 7232 1439 7285
186 4644 3297 1796 6519 4721 4704 6249 6224 10 5825 5948 250 3074 3012
187 915 5330 9442 5535 8683 9666 2602 9123 9728 1084 8111 8579 9013 745 2
188 4644 779 7925 482 854 1032 5350 5941 3153 5948 7012
189 7437 7503 5692 8674 2034 4766 6457 4588 5251 79
190 779 6607 6519 4761 3153 3637 2111 9450 5929 4134 523 4027 9199 8125
191 8674 4766 7810 9450 2602 6295 3024 2289 296 6413 1042 6613
192 4293 6213 8469 8750 2515 6607 5547 4704 4356 2741 4060 2
193 6257 3895 5135 779 8469 8750 7115 7228 9102 7474 4558 450 7285 321
194 3079 6519 2486 7474 3536 2918 7340 8674 2111 2741 9827 3 6054 4027 1042 5715
195 7437 6249 482 6267 6425 4683 5941 8416 745
196 4821 7115 9636 5704 7434 3766 3017 3453 7232 9728 1084 1935 8111 2263 9301 321 5715
197 6607 6258 1336 3660 4541 6249 8768 1032 5941 3843 4766 2741 5359 3543 7153
198 1423 8549 915 5754 5350 5941 5704 8674 4929 4766 8885 2203 6020 7012 5307
199 3536 4880 5350 6956 8835 4588 8175 2602 5359 7285 3146 7699
200 3005 5135 815 6506 5059 6859 7228 3743 3660 4340 8140 7434 6226 5948 2856 4985 935 2555
201 5097 3392 5059 7174 6258 4486 4704 3375 7437 7459 5754 4134 3885 9007
202 7925 6379 5547 5330 6265 8835 7233 7232 1935 1956 2263 3543 2288
203 9688 3017 2669 273 7232 3024 5509 2408 7156 2203 22 3 5389 9615
204 8469 3660 1072 854 5769 3888 2124 6698 1496 1195 7949
205 6249 8768 5754 4761 4683 5948 2669 1309 5795 8841 7413 8125
206 9305 246 7352 5769 3888 5682 2124 7810 7713 4027 1042
207 3297 1323 8469 7174 7642 2918 1072 4140 273 4060 1383 1668 3012 9007
208 3017 5535 9728 3024 1084 2408 7156 4388 22 8579 1383 745
209 4644 2586 5754 5704 4929 7810 2314 4076 1935 450 4060 7709
210 6257 8549 9688 2515 3079 246 4486 4558 4140 232 3843 5769 5522 1020 2034 8841 1956 1496 1668 979
211 3297 8768 2918 2034 141 3464 1262 8483 8175 5359 8722 4027 9013 7652
212 2515 2586 7352 9450 9442 3417 2602 7156 4808 1042 7949
213 5769 141 3637 9035 8175 7232 5678 6295 1084 8111 6413 9199 412
214 1323 779 7115 6258 3557 6468 5330 2918 9636 7340 273 1956 523 7285 1042 7762
215 5769 2314 5795 8483 4814 8835 6457 6295 4060 9013 8994
216 790 3392 7399 2586 854 7352 5704 8674 2764 5522 4766 8683 7233 1383
217 3745 1796 3079 2486 4356 7437 6351 8768 1032 5692 5941 2061 232 7434 3146 412
218 1423 915 5634 6379 5059 6519 7414 8416 7233 4060 2818 7709
219 4293 6213 578 482 7503 854 5692 2764 3766 6226 4766 6920 5715
220 366 1796 6468 4880 7503 6267 4761 5692 360 7233 8111 6054 7736 935 7762
221 3392 2918 5692 2061 3637 1262 8483 2856 8835 1439
222 6257 8549 4821 6267 5754 6639 141 4076 9442 4814 2856 2203 7949 321
223 3297 7215 1796 7399 6468 4929 3766 3464 5929 5535 9728 3543 2555
224 3297 4938 9305 6213 915 7611 7215 1905 8040 6607 1181 3079 4985 7736 1042 79
225 6257 1796 6859 4140 3153 8885 6956 8835 6457 3417 3362 6698 450 7736 9199 412
226 4938 871 246 3743 2486 4704 5679 6249 1032 3888 4766 5795 9666 1935 1956 7285 6014 3074
227 8549 3895 5135 779 2515 8040 4821 3392 9102 3375 4340 7713 2203 4027 5307
228 8549 6213 7228 2061 7434 5769 1020 2602 5678 4086 2863 8722 7012 745
229 1323 3895 5135 5634 8750 1905 6379 5059 1181 5155 1935 712 9139 2340 5715
230 4938 8750 7925 1905 2515 728 6425 4683 3453 4027 9199 6547 3074 9968
231 5135 8750 7611 7925 3079 9102 3660 6351 8768 5155 7285 4027 1042
232 8549 6213 5634 6519 1208 3743 8768 4929 8416 1020 6226 9728 523 6101
233 9688 1208 4704 7437 1032 5692 8615 191 7810 2856 712 6101
234 790 5634 8750 3745 6506 871 2586 3375 4541 7642 6351 8140 7434 4985 1042 79
235 5097 7215 5059 5754 728 4140 4761 6265 3843 6020 9013
236 5535 3417 8175 3024 1084 2863 296 4693 4388 2203 3 4134 4362
237 5097 4821 5547 4704 6425 6265 8674 3888 2124 6295 7012 1042
238 578 6607 6224 5350 4929 5522 9035 8175 8111 1195 6101
239 3005 8750 8040 3557 1336 5330 1072 5825 9636 2061 141 8885 6698 4326 7413 7652
240 2918 728 2111 8483 8683 3417 8175 9123 2289 5359 4134 7762
241 6257 8469 578 3079 246 5547 1208 4880 4761 232 5769 5522 4086 523 4985 8722 3111 79 2288
242 2111 2669 8175 9666 2602 1084 5509 2408 4693 4388 7285 7699 8994
243 366 3079 4704 2741 9035 2289 2863 296 5509 7156 4388 505 6170 9013 2240 6613
244 8483 8098 6956 4588 3362 5678 6295 3024 1084 1935 296 1439 1273 321
245 4293 7215 2406 6425 5682 191 2669 3362 5678 2203 250 745
246 1323 7611 8040 3375 7642 6639 10 9636 3888 8683 4588 9666 4060 7153
247 779 2279 3557 4704 2918 482 6267 10 8895 4134 9139 2962
248 2279 871 7115 3079 1336 6425 4340 7352 3153 3766 2034 5682 273 6170 9199 6101 5715
249 3895 5135 9102 5679 482 4761 3843 1020 191 2314 450 6020 8722 9199 2340 2555
250 4644 2515 6859 1336 4486 4880 2918 4140 2061 3153 3766 412 7762
251 4293 3297 3557 7474 4356 8895 3843 7434 3766 6226 4766 2124 4076 6920 4326 5880
252 915 8750 1905 2279 6379 871 6859 9102 7382 4541 8994
253 7503 3888 9442 6956 3417 9123 1084 2289 4086 2863 9968
254 6257 7611 6859 1181 9102 2586 6224 10 9636 4140 1032 5704 7285 3146 6054
255 7925 6379 6224 8140 191 2124 3453 6956 5678 8111 7949
256 4644 8549 7174 2586 3536 4356 6267 5754 5941 7880
257 4293 6257 8549 915 7925 6859 5547 949 3660 4704 4356 8674 7762
258 246 4558 6224 3153 2669 1309 9450 1262 5929 6956 2602 7736 7012 9013 7438
259 4644 7215 4039 2486 5330 5679 4340 5350 2061 141 2314 7285 1042
260 9688 3895 7414 7642 4880 482 6226 3637 2314 9035 5929 9666 1496
261 5097 790 9688 6351 482 4683 8140 2764 3766 8416 1020 5948 3637 2669 1262 3453 9666 4086 5251 8387
262 2406 949 6468 3375 6639 4140 7352 4683 5692 4929 8683 1956 1496 6170 6054 2288
263 915 8469 4039 3557 1908 7414 3536 7642 6639 3453 4134 6101 3936
264 6257 815 578 1796 5059 6607 6859 1908 7414 7434 1195 1383 7699
265 6468 728 7434 3888 9450 8835 4588 7232 6413 6920 412
266 8040 5692 7810 2111 2669 8098 6956 3417 7232 6413 1625 979
267 3297 5634 7174 482 854 2061 8615 141 1262 6698 1383 6101 2240
268 6257 5097 8549 1323 915 5634 2279 578 4039 7228 9102 712 1625
269 6257 3005 9305 366 6506 6379 3392 1796 6519 7414 1336 7474 5307
270 6351 9636 360 2669 1309 8885 5929 3453 9827 2602 5509 1439 8994
271 5547 4721 1072 854 1032 7352 6265 8615 9450 3146 2288
272 1423 7215 1796 4039 949 5679 8768 854 6224 9265 6265 6226 5948 6698 3146 8043
273 3745 3079 7382 6468 7474 4558 4880 7352 360 7434 5769 2314 22 450 2263 1496 8043
274 8040 3079 3557 949 6468 5330 7459 4880 7503 6267 10 9265 7352 8895 1496 935
275 4039 4880 7503 854 1032 8895 7340 3766 6226 3464 4060 7438
276 5135 779 366 5634 815 8750 7382 7399 1336 949 4356 6920 935 8125
277 5097 3745 1905 8040 5059 6607 4039 6258 9636 7434 6226 191 3637 3453 2856 2263 4985 6054
278 815 2406 6249 6639 9265 8674 5769 6956 6457 1935 1496 8579 3111 2340 79
279 790 5135 8469 8750 1905 2279 7115 6258 5547 6519 4486 4558 4356 5704 7285 79 9007
280 5097 1323 366 2515 4821 4039 7228 7414 5679 6249 4880 3362 250 4326 5880
281 8549 4938 246 1336 949 7437 6249 8768 728 5825 5692 1956 6170 8722 6054 3074 8387
282 1323 6506 578 7414 2586 2918 4683 2764 6226 2669 1956 4060 6613 2
283 6506 1181 7414 360 5769 5522 3888 2034 1935 250 1668 3936
284 3017 1309 5929 8098 6956 8835 6457 5678 1935 6920 7762
285 1423 9688 6213 8469 5634 7611 7115 4039 1208 7382 949 141 9199 7709
286 6257 7215 4721 4140 360 2111 3464 5155 9123 2863 450 4060 3074 7699 321
287 1423 6859 4039 7382 7414 7642 728 6425 9636 7233 4326 7762
288 2279 246 5547 854 4140 8140 2034 5948 5682 191 2124 8841 5359 6547 2240
289 790 1323 2406 9636 1020 5682 3017 3637 9035 4814 5155 3 5359 7285 9301 745 79
290 5682 2124 7810 2111 2669 3464 9450 273 2856 1383 7153
291 1423 4938 3745 2279 7228 9102 5547 7414 2406 4721 2263
292 5097 366 3745 6859 5547 4721 6351 6425 8416 5948 191 4076 8841 9666 6170 321
293 7434 2764 4766 2111 4076 8098 9123 5678 6295 7713 1084 296 2203 8579 3885 4326
294 3079 6519 4929 3017 2669 4076 8885 5929 8098 4588 1935 2263 7762
295 578 8040 7228 6468 3660 7474 6351 5754 854 4140 3153 8140 1020 7713 6547 7413
296 915 2515 7399 4704 7459 6249 1032 4683 8895 3843 9666 523 6014 7699
297 815 3743 7352 8674 7434 5929 8683 9827 6956 6295 1935 4086 523 6170 8722 1383 745 5715
298 3745 5059 7174 6639 728 5692 5350 5941 7434 3637 2856 1935 8722 6054
299 8469 3536 4683 2061 5704 9450 9442 5535 4060 8722 1625 7413 79
300 3895 578 3392 1181 7399 2406 4486 2486 5330 4541 6351 2918 6224 6698 9013
301 3297 6213 4929 4766 5795 8175 2602 6295 3024 2289 2863 5509 1195 6054 3543 9007
302 5097 779 815 5059 7174 1208 2586 6351 7503 6267 232 412 2555
303 3005 5059 3743 5679 6224 9636 5692 6265 3766 6226 141 523 7012 979
304 5135 9305 915 4039 6258 4721 3536 5679 6639 9636 1032 2263 4060 8722 3012
305 4293 7215 1908 9636 4761 6265 360 5795 5155 6698 9968
306 790 6506 871 3392 3743 6468 482 854 728 8615 3362 450 1195 8722
307 366 7611 6519 5330 6249 9636 4140 141 2124 2741 4985 6170 6547 935 321
308 779 4558 5679 8768 4880 4140 6265 4929 1020 141 1262 6295 7713 1496 6020 3074
309 7215 8040 5825 232 360 8615 9035 8683 6457 9728 1439 8579 6547 9013 3012 2288
310 779 3392 7399 8895 3464 9450 9827 6295 8111 7413 935 7153
311 4644 5135 7215 6506 6607 3557 2406 3375 4356 5825 1195 6054 3074 1534
312 3888 6956 6295 2289 4086 5509 2408 4693 7156 9935 5307 2962
313 1323 6506 9102 4486 7459 4340 4761 5522 2669 8098 6956 4086 6413 1625 5880
314 5535 2289 2408 7156 4388 9935 2210 8111 8579 1625 3074 3543
315 8768 7352 6265 5350 4929 2034 141 2124 8111 8579 3885 9013 5715
316 1423 4293 6257 4644 790 4938 1905 1796 5059 6859 7474 4356 10 6698 7438
317 4644 3079 5825 4340 141 5795 8483 4814 4588 3024 2289 1935 22 1273 1383 79
318 366 6607 5547 6519 1908 6249 8615 2741 1262 6956 2263 9199 5307
319 915 5059 4721 7437 482 5825 5350 5941 232 1496 2818 6547 79
320 1423 4644 790 246 3557 7382 3536 7437 854 5941 7736 7012 3543 3012 2962
321 7611 4704 3153 2124 3464 8885 8483 6956 6457 133 8722 2240
322 3297 8549 3895 4938 7925 1208 1908 3743 6468 7437 4134 412
323 7115 6468 2486 5330 4356 5679 7642 6351 9636 5522 191 8885 5155 4985 3885 6547 2340 5880
324 7228 4541 7352 4761 8615 5948 273 8098 9827 5678 3111
325 7215 7925 1181 7228 1208 7399 7642 6249 728 9666 2263 5359 1871
326 5692 7810 1309 9450 5795 8835 3362 7232 5509 6413 6014
327 3005 790 8469 3745 578 1908 7399 5330 4558 7437 1072 7434 6920 6170 6054 1042 7762 321
328 5059 1032 6265 8895 8416 141 2111 9450 7233 5359 9968
329 1423 3297 779 6213 8469 366 728 232 5929 4588 250 7699 2962
330 9305 7174 273 8098 7232 2602 9728 3024 296 6413 7413 7949
331 4293 4938 915 1796 5059 7399 1032 7352 2741 9666 3362 1084 6698 5359 3543 79 2
332 1908 4721 7474 3536 6425 232 191 3017 3637 8885 5155 1496 6101
333 5097 8549 2515 2406 7437 7459 6351 6224 10 728 4140 9265 3453 3 523
334 4293 8549 790 6506 1905 4039 7399 1336 6468 7503 1032 5948 9666
335 4644 3079 6258 4486 2486 10 7352 2764 6226 2669 2741 6956 2856 8835 7233 1439 6920 4326
336 6257 4644 4938 5135 8469 7611 578 871 6607 4340 3885 7413 9968
337 9827 2602 1084 2408 7156 4388 9935 22 3 7012 6547 2288
338 9688 915 7611 1905 2515 6859 1181 949 2486 7503 3766 3888 2669 4985 7012 2340 2962
339 4644 4938 815 7611 6506 2515 7228 6258 7382 4486 2486 8722 7012 9199 3074 1668 7949
340 7174 246 6468 3536 8841 8683 4588 9123 5678 296 7156 6170 7285 2340 8387
341 2061 9442 4814 2289 2863 4693 9935 1439 2210 22 6413 6170 412 9968
342 4558 7437 6425 8674 3843 2034 3464 9450 1262 9442 6170 8043
343 1423 3297 4938 5135 8040 4821 3557 3536 4558 4704 5754 7233 4134 250 9199
344 1323 9688 7925 2515 4821 7228 3536 7459 5522 1020 3017 4086 9199
345 8674 5769 8483 4814 8683 3417 7232 9123 1935 4134 7709 8994
346 5754 191 2741 9450 5795 273 5929 8483 8098 5155 1439 5359 7012 3074 5880
347 5097 9305 5634 815 871 1336 4486 4721 2586 3536 4541 1072 4340 7949 2288
348 779 5634 3079 9102 5754 4140 5692 6265 5795 2263
349 7115 5059 3743 2918 2111 5535 6956 3417 3362 6295 1273 9199 412 9007
350 4039 246 3536 4761 3637 3464 9442 8683 8098 9827 7233 3111 5715
351 1423 5097 3297 790 815 3745 7925 1905 6379 7174 4039 5547 7474 450 6020 4326
352 3297 578 1336 4356 6267 854 6224 7352 7340 8140 8615 6020 3146 1625 6547 2962 9968
353 366 7925 246 3743 4721 4704 4880 854 9636 4140 8140 4060
354 3005 8549 790 1905 1796 3557 10 728 7340 8674 4929 5522 712 6920 6020 7736 1383
355 4814 3417 8175 7232 1084 2203 9935 2210 22 9583 1534
356 3895 5679 6639 9636 4683 5350 3153 360 4929 2314 8683 1496 7736 4326
357 3005 5135 7382 1336 7437 5941 191 3017 9442 133 7949
358 3005 578 246 6519 8768 9265 9827 9123 6295 1084 2289 2203 8722 4027 1383
359 4541 2034 4766 7810 9450 4814 2856 2602 1935 2863 296 6170 3111
360 578 3743 3660 6639 6224 4761 8674 8416 5682 2263
361 4644 790 915 8750 7115 1796 6607 2586 5679 4880 4340 5948 4134 2340 1668 8994
362 5097 366 6506 578 6859 3536 482 7340 2034 2741 5155 6698 9968
363 3297 6258 7459 6425 8674 141 8885 5535 4814 6956 9123 1439 2263 4985 7699
364 6213 7474 4761 5692 1262 8885 5535 8483 8098 3417 6413 6547 745
365 4293 8549 3895 7925 6607 7399 949 728 8674 7434 3362 5155 6413 3885 3543 2555 321
366 9688 1905 2515 2279 1208 3743 5330 3536 4683 3843 8885 6295 3543
367 4644 3079 6519 4541 8140 3888 4766 3464 9035 1262 9442 2863 4060 9139 7699 9007
368 4821 3392 4558 1072 6639 7434 5535 8483 8098 8835 3417 9301 8387
369 8469 6379 871 5059 7174 6859 2586 1072 3637 2263 5359 6101 3074 7699 6613
370 3005 3297 6213 366 1905 1796 6519 3660 5679 2918 482 3453 450 5251 979
371 779 9305 8750 2515 4486 6468 3536 1032 2764 8885 6698 4027 7736 3012 2962
372 8469 5634 2406 10 9636 1309 4814 1084 1935 296
373 2279 8040 4821 7174 9102 6519 949 2586 4880 482 5825 6226 3885 6020 79
374 3536 6265 2061 6226 8841 5929 6956 3417 8175 2203 1439 3111 2555 7762
375 5097 6213 3745 3536 4704 3375 1072 7503 6267 6639 4340 232 9442 1935 450 6170 1625 1668 3012
376 9688 366 815 2515 8040 7228 5547 2406 949 7437 5679 7642 232 7413 979
377 1423 8549 4821 6249 1032 7352 6265 8895 141 7713 450 4027 4326 8994
378 578 4821 3743 3660 5330 7437 5692 5350 3153 4134 1871
379 7399 7642 6267 4683 5350 2061 5704 7434 8416 8885 8111 3146 9013 8125
380 8469 871 3392 4039 3079 3375 7459 9450 8483 6956 5678 5509 7413
381 7174 9102 5547 1336 2406 4558 7437 7503 5941 5948 5682 523 9199 3074
382 5097 8549 4880 1072 7810 2111 8098 1084 2289 2408 6698 8579 7413
383 1423 4293 6257 8549 6213 3745 7215 6506 8040 6379 1181 3079 450 1956 1625 935 5715
384 3005 5135 578 6859 3536 3375 7503 5692 8895 6698 9139 5307 935
385 790 9688 6213 5634 7611 2279 246 1208 7382 4486 2486 5330 4541 4340 9265 6920
386 3005 8549 2515 1796 3557 6519 7399 7414 949 3536 7459 7352 3843 8841 7713 6020 2340 935 3012 5715
387 1423 9688 8469 7174 6519 1908 3660 6351 2918 5350
388 6257 3895 4938 6379 4821 7115 4541 6351 4880 2918 6224 1020 2741 9666 7736 1383 2240 3012
389 8768 5795 273 5535 4814 6457 4086 2863 296 5509 4693 712 1534 321
390 6257 3005 790 9688 366 3392 7382 1336 6249 6267 5692 5948 141 1956 712 6547 79
391 1423 8549 9305 366 6506 1181 3375 8416 3888 3017 935
392 6257 3557 4558 5795 5535 8098 3362 7232 2602 9123 9728 1273 1383
393 1323 9688 7925 871 4039 7382 2406 3536 4356 2918 5825 22 133 7736 2
394 3557 2586 4683 5692 2061 7340 3888 3453 7233 5359 1195 3543
395 4293 6506 4039 1181 246 5330 3536 4704 5679 2918 3453 5155 6170 6101 2555
396 3745 6379 5059 3079 7474 4704 9265 7352 4683 2061 1020 5795 7713 1625
397 2314 4814 9827 6457 8175 296 5509 2408 712 2340 2288
398 6257 5097 1323 9305 8750 1905 6607 4039 5547 1208 3743 6468 3375 9265 4985 9199 9968
399 1423 790 6607 4039 2486 4683 6265 2764 3017 9442 9666 3885 6054 2555
400 5097 482 854 8885 5929 3362 7233 9123 2289 2863 5509 2408 4693 4134 5880
401 3005 9688 6519 7382 7474 5679 6224 2764 5769 4929 2034 6226 5682 9139 7285 6054 1383 5880
402 6859 2406 6249 2918 7503 4340 6265 8140 7810 3362 4086 450 4060 7736 3936
403 5097 7611 3079 6258 4356 5692 1309 9450 4076 8098 4588 2863 8579 9301
404 1323 9305 7215 1181 1208 4486 6249 8615 191 3017 6413 4985 6920 6547
405 9305 366 7174 949 4880 5941 3153 8674 3766 5522 5929 7713 2263 5359 9013 6101
406 8549 4938 5634 815 7611 7115 6607 7399 7414 4558 9265 7434 9666 7413 9007 321
407 4761 5941 5769 141 2669 2741 5795 8835 6457 4060 8994
408 3895 10 7340 3766 4766 8885 3453 7232 9123 4693 7156 1439 6170 9301
409 1423 246 7642 6224 6265 3843 5522 2314 273 8483 4985 6920 9139 6054 7709 2962
410 4293 779 871 2406 7437 6351 6265 360 8674 1956 6054 9013
411 5547 5679 6265 2124 5795 5535 8683 9827 4588 5155 6413 7012 1042 7699
412 7115 7382 4486 7437 5679 482 6267 5754 728 2741 712 6020 745
413 1905 2279 3392 3557 4721 1032 4761 4683 5704 141 8841 2856 7285 2962 321
414 6257 8549 815 6859 3375 7642 6351 5941 6226 3637 7810 2111 2856 523 7736 9301 935 8125 2
415 3297 6213 1796 7174 3557 7399 8768 10 6425 4761 8111 9139 7012 1042
416 366 815 8750 7115 9102 3536 6425 7340 8140 2856 2203 1496 6920 9013 935 8387
417 1905 578 8040 6258 1208 7414 3660 8768 1072 5754 9265 6226 1439 1956 2240
418 578 728 5825 9636 9035 9442 5535 4814 9666 5509 2203 4027 9199
419 790 7115 7174 3743 5825 8895 3843 2124 3637 2314 7762
420 5634 3557 4486 4721 2586 8615 7810 9450 8683 7880
421 5097 5135 7474 2918 5825 5522 2111 8483 4814 6956 3417 5155 712 9139 6054 8387
422 4293 9305 915 2515 6859 9102 1336 5330 7459 7642 360 4134 5307 2240
423 1323 779 1905 8040 871 1208 3660 4558 1032 5941 4766 3637 1262 4086 6547 979
424 1323 3895 8040 871 5547 3660 3536 8768 482 6267 854 1032 8841 8722 2240
425 3297 915 4821 7228 7382 10 8895 5704 2764 3888 1956 2263 5359 4985
426 4644 6519 3660 5754 10 6425 4340 9636 3153 5682 5795 7713 712 4326 2962
427 815 7611 3392 1908 1336 3660 3536 4558 8768 8140 1262 2856 6020 9301
428 779 2486 7340 3766 3017 2111 2314 8885 9442 5929 1042 3012
429 6213 3392 7174 1208 7414 3743 7437 6267 6639 3843 7285 8387
430 1423 4293 5135 6506 871 2406 4721 4541 3843 2314 412
431 2741 9450 1262 9442 5535 4588 7233 7232 6295 1935 296 2263 5251 3111 5880
432 9305 4821 1796 1336 4880 5754 4340 3766 3888 1020 4766 3017 2856 3362 8722 4027 4326 7709
433 6257 9305 915 8469 7215 7925 6607 4039 1181 6258 7434 3453 7713 6920 3074 2962
434 4938 915 10 6425 5350 8416 1020 1262 4814 5155 2602 1195 3074 1668
435 3895 7215 3660 4558 7437 9265 5522 141 191 7810 9666 6698 3111 7413 9968
436 366 4039 7228 10 4340 5769 8175 9728 3024 1084 296 6020 1625
437 8469 815 2515 6519 4721 3375 482 6226 5682 2741 3417 412
438 6257 9305 7611 7215 2279 3660 8768 2918 3153 7434 8722 1042
439 728 6425 6265 3153 8895 5704 360 2764 4929 3766 3453 3362 5359
440 790 4938 7611 578 3557 7459 7340 360 5948 2669 8098 2856 4060 6920 7285 2340 2962 9007
441 915 1905 871 4821 7642 1072 4140 5692 360 4766 4705 1534 2962
442 3743 3660 7437 10 2111 8885 8683 8835 7233 9123 6413 9013 7413 3936
443 1796 4140 4683 5350 8895 8615 3843 141 4076 4027 9199 6101 2555
444 1323 5135 7611 9102 2586 3375 4356 1072 6639 1032 7352 7434 9442 7713 6101
445 4644 3895 871 6607 3557 4140 4683 7340 3766 2856 4134 3885 745
446 8549 790 3895 366 5634 815 4821 3392 7174 1336 3743 4060 2555
447 6506 6519 3536 4704 4541 7437 5679 6224 9636 2741 2856 412 8125
448 6506 871 6224 5350 8674 3766 5929 9827 6457 523 3074 1668 7949 7762
449 779 8040 1796 7352 8615 2314 9827 3417 6295 22 6170 1383
450 5135 9305 3745 7115 1181 7228 9102 6468 1072 5825 5704 2111 5155 3885 6054 3543 7153
451 6213 8750 7925 1905 2515 2279 871 7174 4541 450 935
452 4644 366 7925 5059 4039 3079 5547 6519 1208 4558 6249 7233 4060 935 979 2288
453 1796 6639 6425 5522 5682 8835 5678 3024 4086 4693 7156 6020 3146 9013
454 7233 2602 5678 3024 2289 4086 4388 2203 9935 2210 1956 6413 3111 7949
455 7215 6425 9636 8615 3888 2034 5795 4076 7233 1496 9139
456 1423 7611 7925 6607 5547 1208 3375 7642 9265 4683 7233 6920 7296
457 779 7611 3745 871 3392 4039 6468 8768 6224 5825 2764 4134 7012 1668 7949 3936
458 815 6379 1181 2061 232 2034 5948 4766 5682 3017 5678 7438
459 915 3557 1336 6425 7352 4683 2061 7340 8674 450 9139 3074 935 7438 321
460 3895 7611 7925 6258 7382 1336 6468 7474 5330 3536 5679 6639 4340 2764 1956 935 79
461 1032 2314 1309 4588 3362 9728 1084 2289 1935 2863 4693 6698 133 8722 7699 6613
462 2124 8683 8835 6457 8175 5678 1084 2289 1439 3885 9199 7438
463 6257 9688 9305 6213 3745 6506 1905 578 6379 871 7115 7399 4558 7459 4340 9139 7949 321
464 6213 7215 2279 1796 5059 4039 7474 4558 4880 4761 360 1956 1496 523 7736
465 1323 6379 7399 4486 6425 5825 8895 8416 3888 5795 5509 6101 2
466 3005 4938 3745 4486 232 8140 3464 9450 8483 6295 2289 2210 5251 8387
467 3005 3297 5634 1336 3153 1309 9666 7233 7713 1084 296 2408 4693 22 2263 3885 7736 4326 2288
468 9688 3895 2486 5330 10 5769 141 191 2111 9035 9442 2856 1439 6413 7413
469 8674 2669 8835 8175 9123 5678 3024 2863 296 1273 8994
470 3005 4644 6213 6506 2515 4039 7642 5754 6425 8140 6170 3885 3012 321
471 9688 6213 7925 7115 8768 5825 4340 7340 3843 4766 2111 9666 3362 6698 712 1534
472 3895 4938 7215 2279 5059 6607 6258 7382 5679 7459 3362 4134 4985 6101 745
473 7382 6468 5350 2061 141 2124 9035 8841 5535 3885 7012 3111 3012
474 4293 6257 8750 871 4486 7474 4541 5754 4683 232 4929 1020 5795 4985 7285 6054 1383 3074
475 6213 8750 3153 8615 3464 9450 5795 273 6457 3074
476 9688 2406 6468 3660 2061 8895 360 4766 2314
477 4293 8549 7215 1905 8040 1181 6519 1336 2586 6224 2034 2741 9666 6170 9007
478 1423 790 9688 3895 779 6213 2279 6607 5679 1072 5704 7434 6226 5155 7713 6547 7709 5715
479 790 3895 2279 7459 9265 6265 3153 7340 5704 5522 3464 273 1625 4326 2340 8125
480 1423 9305 6213 8750 6859 6519 7414 3660 4140 5948 6920 979
481 3660 482 854 2314 4814 8683 8098 9827 9666 7233 7012
482 5097 246 2586 854 4340 4140 8140 8674 6226 3017 4076 8683 9123 5359 1668
483 4486 3766 3417 9123 3024 2289 2863 296 9935 2210 712 2818
484 4938 779 815 8750 7215 1905 578 871 7174 7713 1956 7413
485 6257 9688 5135 915 8469 8750 2279 6379 1796 3079 5795 8722 9199 9301
486 3895 7215 4721 9636 191 2111 3464 4076 133 1625
487 4293 5097 3297 779 815 8750 3745 5059 2406 949 6639 7434 5155 7413
488 4293 3297 790 779 366 8750 7228 7399 3743 6224 4027 3074 1668 3936
489 6267 2124 7810 9035 5929 5535 4814 2863 5359 4027 8125
490 1072 8895 1309 5535 4588 8175 7232 22 8579 9013 5307
491 1905 871 3392 1181 3557 7399 7474 4541 7503 7352 232 8674 2764 5948 273 4985 9968
492 6506 6379 4821 3079 6258 7414 4486 7437 7642 6351 4880 7434 8841 9139 1625 321
493 3297 5634 1905 2279 9102 246 1908 4704 7437 6639 8140 1496 3012 8125
494 6249 9636 7352 4761 7340 360 8140 5769 3453 3885 9139 7949
495 8750 1181 9102 2406 4356 9636 5704 7434 2034 6226 5682 2669 5509 9013
496 5135 6258 6519 1208 7503 9636 5350 5948 3464 9035 273 450 4985 6054 3111 2555
497 4644 6506 9102 7352 5350 2764 2034 2314 3362 5155 523 745
498 4293 3005 3895 779 8469 1905 3392 5547 7382 5679 4929 2263 2340 7699
499 7399 2061 8895 8615 3017 2124 3637 273 2203 1273 935
