100
0 38 37 36 42 45 47 46 44 43 50 51 49 55 54 48 52 60 53 57 75 64 70 68 66 67 65 81 83 82 61 9517 8556
1 0 1 2 3 4 5 6 7 8 9 10 11 12 13 14 15 17 16 18 20 19 21 22 23 24 25 26 27 28 34 29 33 32 31 120 176 1290 9709 8458
2 0 1 2 3 4 5 6 7 8 9 10 11 12 13 14 15 17 16 18 20 19 21 22 23 24 25 26 27 28 34 29 33 32 31 69 583 3244
3 30 35 38 37 36 39 40 41 42 45 47 46 44 43 50 51 49 55 54 48 56 52 60 53 59 57 58 62 63 75 71 65 120 126 155 8552
4 64 68 66 67 76 82 73 86 77 84 97 79 88 89 91 105 110 78 109 100 85 101 80 102 93 131 117 114 96 111 1482 7450
5 0 1 2 3 4 5 6 7 8 9 10 11 12 13 14 15 17 16 18 20 19 21 22 23 24 25 26 27 28 34 29 33 32 31 69 859
6 30 35 38 37 36 39 40 41 42 45 47 46 44 43 50 51 49 55 54 48 56 52 60 53 59 57 58 62 63 75 71 65 120 126 176 2818
7 0 1 2 3 4 5 6 7 8 9 10 11 12 13 14 15 17 16 18 20 19 21 22 23 24 25 26 27 28 34 29 33 32 31 126 176 7624
8 30 35 38 37 36 39 40 41 42 45 47 46 44 43 50 51 49 55 54 48 56 52 60 53 59 57 58 62 63 75 71 65 120 126 155 1495
9 0 1 2 3 4 5 6 7 8 9 10 11 12 13 14 15 17 16 18 20 19 21 22 23 24 25 26 27 28 34 29 33 32 31 69 138 6729 9193
10 0 1 2 3 4 5 6 7 8 9 10 11 12 13 14 15 17 16 18 20 19 21 22 23 24 25 26 27 28 34 29 33 32 31 69 138 708
11 0 1 2 3 4 5 6 7 8 9 10 11 12 13 14 15 17 16 18 20 19 21 22 23 24 25 26 28 34 29 33 32 31 63 69
12 0 1 2 3 4 5 6 7 8 9 10 11 12 13 14 15 17 16 18 20 19 21 22 23 24 25 26 27 28 34 29 33 32 31 69 138 1502 1263
13 70 68 67 83 82 72 73 86 77 84 74 79 88 94 90 91 105 110 78 109 95 101 99 80 102 108 87 93 131 117 114 96 107 119 139 184
14 0 1 2 3 4 5 6 7 8 9 10 11 12 13 14 15 17 16 18 20 19 21 22 23 24 25 26 27 28 34 29 33 32 31 69 138 708
15 0 1 2 3 4 5 6 7 8 9 10 11 12 13 14 15 17 16 18 20 19 21 22 23 24 25 26 27 28 34 29 33 32 31 69 138 1263
16 68 66 67 65 81 76 82 61 73 77 84 97 74 79 88 94 89 90 105 110 78 109 100 85 101 99 80 102 108 131 121 725
17 0 1 2 3 4 5 6 7 8 9 10 11 12 13 14 15 17 16 18 20 19 21 22 23 24 25 26 28 34 29 33 32 31 63 69
18 0 1 2 3 4 5 6 7 8 9 10 11 12 13 14 15 17 16 18 20 19 21 22 23 24 25 26 27 28 34 29 33 32 31 120 138 583 6496
19 30 35 38 37 36 39 40 41 42 45 47 46 44 43 50 51 49 55 54 48 56 52 60 53 59 57 58 62 63 75 71 65 120 126 155 5926 4714
20 0 1 2 3 4 5 6 7 8 9 10 11 12 13 14 15 17 16 18 20 19 21 22 23 24 25 26 27 28 34 29 33 32 31 69 583 1290
21 0 1 2 3 4 5 6 7 8 9 10 11 12 13 14 15 17 16 18 20 19 21 22 23 24 25 26 27 28 34 29 33 32 31 69 583 2848
22 0 1 2 3 4 5 6 7 8 9 10 11 12 13 14 15 17 16 18 20 19 21 22 23 24 25 26 27 28 34 29 33 32 31 69 138 1290 1737 1310
23 30 35 38 37 36 39 40 41 42 45 47 46 44 43 50 51 49 55 54 48 56 52 60 53 59 57 58 62 63 75 71 65 120 126 155 554
24 0 1 2 3 4 5 6 7 8 9 10 11 12 13 14 15 17 16 18 20 19 21 22 23 24 25 26 27 28 34 29 33 32 31 69 138 708
25 30 35 38 37 36 39 40 41 45 47 46 44 43 50 51 49 55 54 48 56 52 60 53 59 57 62 63 71 64 70 65 83 120 199 176 1495
26 0 1 2 3 4 5 6 7 8 9 10 11 12 13 14 15 17 16 18 20 19 21 22 23 24 25 26 27 28 34 29 33 32 31 69 138 2591
27 0 1 2 3 4 5 6 7 8 9 10 11 12 13 14 15 17 16 18 20 19 21 22 23 24 25 26 27 28 34 29 33 32 31 69 138 5962
28 30 35 38 37 36 39 40 41 42 45 47 46 44 43 50 51 49 55 54 48 56 52 60 53 59 57 58 62 63 75 64 65 5921
29 30 35 38 37 36 39 40 41 42 45 47 46 44 43 50 51 49 55 54 48 56 52 60 53 59 57 58 62 63 75 71 65 120 155 176 968 621
30 30 35 38 37 36 39 40 41 42 45 47 46 44 43 50 51 49 55 54 56 52 60 53 59 58 62 63 64 70 68 65 83 968 621
31 0 1 2 3 4 5 6 7 8 9 10 11 12 13 14 15 17 16 18 20 19 21 22 23 24 25 26 27 28 34 29 33 32 31 69 138 4626
32 0 1 2 3 4 5 6 7 8 9 10 11 12 13 14 15 17 16 18 20 19 21 22 23 24 25 26 27 28 34 29 33 32 31 69 138 3849
33 0 1 2 3 4 5 6 7 8 9 10 11 12 13 14 15 17 16 18 20 19 21 22 23 24 25 26 27 28 34 29 33 32 31 69 138 708
34 0 1 2 3 4 5 6 7 8 9 10 11 12 13 14 15 17 16 18 20 19 21 22 24 25 26 27 28 34 29 33 32 31 30 63 138 155 1290 1737
35 35 38 37 36 39 40 41 42 45 44 43 50 51 49 55 54 48 56 52 60 53 59 57 58 62 63 71 64 70 68 66 120 482
36 30 35 37 36 39 40 41 42 45 46 44 43 50 49 55 54 48 56 60 59 57 58 63 75 71 64 70 68 66 83 120 126
37 0 1 2 3 4 5 6 7 8 9 10 11 12 13 14 15 17 16 18 20 19 21 22 23 24 25 26 27 28 34 29 33 32 31 69 583 3097
38 64 70 68 66 67 81 83 76 82 61 72 73 86 77 84 97 74 79 88 94 89 90 105 110 78 95 100 85 101 80 102 131 121 139 355
39 0 1 2 3 4 5 6 7 8 9 10 11 12 13 14 15 17 16 18 20 19 21 22 23 24 25 26 27 28 34 29 33 32 31 69 138 1671 5921
40 30 35 38 37 36 39 40 41 42 45 47 46 44 43 50 51 49 55 54 48 56 52 60 53 59 57 58 62 75 71 65 72 155 554 1263
41 0 1 2 3 4 5 6 7 8 9 10 11 12 13 14 15 17 16 18 20 19 21 22 23 24 25 26 27 28 34 29 33 32 31 120 155 2153
42 0 1 2 3 4 5 6 7 8 9 10 11 12 13 14 15 17 16 18 20 19 21 22 23 24 25 26 27 28 34 29 33 32 31 69 138 708
43 64 70 68 66 67 81 83 76 82 61 72 73 86 77 84 97 74 79 88 94 89 90 91 105 110 78 109 95 100 80 131 114 176
44 30 35 38 37 36 39 40 41 42 45 47 46 44 43 50 51 49 55 54 48 56 52 60 53 59 57 62 63 75 71 70 120 126
45 0 1 2 3 4 5 6 7 8 9 10 11 12 13 14 15 17 16 18 20 19 21 22 23 24 25 26 27 28 34 29 33 32 31 69 138 1502 1310 7055
46 0 1 2 3 4 5 6 7 8 9 10 11 12 13 14 15 17 16 18 20 19 21 22 23 24 25 26 27 28 34 29 33 32 31 138 126 583 1502 2848
47 0 1 2 3 4 5 6 7 8 9 10 11 12 13 14 15 17 16 18 20 19 21 22 23 24 25 26 27 28 34 29 33 32 31 69 138 2264
48 0 1 2 3 4 5 6 7 8 9 10 11 12 13 14 15 17 16 18 20 19 21 22 23 24 25 26 27 28 34 29 33 32 31 69 138 2060
49 0 1 2 3 4 5 6 7 8 9 10 11 12 13 14 15 17 16 18 20 19 21 22 23 24 25 26 27 28 34 29 33 32 31 69 138 708
50 35 38 36 39 40 41 42 45 47 46 44 43 50 51 49 55 54 48 56 52 60 53 59 57 58 62 63 69 75 71 70 65 107 155 583
51 0 1 2 3 4 5 6 7 8 9 10 11 12 13 14 15 17 16 18 20 19 21 22 23 24 25 26 27 28 34 29 33 32 31 138 155 468
52 64 70 68 66 67 65 81 83 82 61 72 73 97 74 79 88 89 90 91 105 110 78 109 95 100 85 99 80 102 108 87 131 139 252 859 7912
53 0 1 2 3 4 5 6 7 8 9 10 11 12 13 14 15 17 16 18 20 19 21 22 23 24 25 26 27 28 34 29 33 32 30 35 37 138 968
54 30 35 38 37 36 39 40 41 42 45 47 46 44 43 50 51 49 55 54 48 56 52 60 53 59 57 58 62 63 75 71 65 120 126 176 1495
55 0 1 2 3 4 5 6 7 8 9 10 11 12 13 14 15 17 16 18 20 19 21 22 23 24 25 26 27 28 34 29 33 32 31 69 138 3244 1502 1737
56 0 1 2 3 4 5 6 7 8 9 10 11 12 13 14 15 17 16 18 20 19 21 22 23 24 25 26 27 28 34 29 33 32 31 69 583 1502
57 0 1 2 3 4 5 6 7 8 9 10 11 12 13 14 15 17 16 18 20 19 21 22 23 24 25 26 27 28 34 29 33 32 31 69 583 3975
58 30 35 38 37 36 39 40 41 42 45 47 46 44 43 50 51 49 55 54 48 56 52 60 53 59 57 58 62 63 75 71 65 120 126 404
59 64 70 66 67 81 83 82 61 72 73 86 77 84 79 94 91 105 78 95 85 99 80 87 93 117 114 124 111 121 103 125 252 621
60 30 35 38 37 39 40 41 42 47 44 43 50 49 55 54 48 52 60 53 59 58 62 75 64 70 68 66 67 65 61 4247
61 30 38 37 36 39 40 41 42 45 47 46 44 43 50 51 49 55 54 48 56 52 60 53 59 57 58 62 63 75 71 70 65 120 126 155 1263
62 0 1 2 3 4 5 6 7 8 9 10 11 12 13 14 15 17 16 18 20 19 21 22 23 24 25 26 27 28 34 29 33 32 31 69 138 1310 7624
63 0 1 2 3 4 5 6 7 8 9 10 11 12 13 14 15 17 16 18 20 19 21 22 23 24 25 26 27 28 34 29 33 32 31 69 138
64 0 1 2 3 4 5 6 7 8 9 10 11 12 13 14 15 17 16 18 20 19 21 22 23 24 25 26 27 28 34 29 33 32 31 69 859 1737
65 35 38 36 39 40 41 42 45 47 46 44 43 50 51 49 55 54 48 56 52 60 53 59 57 58 62 63 75 71 70 65 72 120 2818 3975
66 0 1 2 3 4 5 6 7 8 9 10 11 12 13 14 15 17 16 18 20 19 21 22 23 24 25 26 27 28 34 29 33 32 31 120 138 554 9661
67 0 1 2 3 4 5 6 7 8 9 10 11 12 13 14 15 17 16 18 20 19 21 22 23 24 25 26 27 28 34 29 33 32 31 69 138 708
68 0 1 2 3 4 5 6 7 8 9 10 11 12 13 14 15 17 16 18 20 19 21 22 23 24 25 26 27 28 34 29 33 32 31 69 554
69 30 35 38 37 36 39 40 41 42 45 47 44 43 50 49 55 54 48 56 53 59 57 62 63 75 71 64 70 68 66 199 6165
70 30 35 38 37 36 39 40 41 42 45 47 46 44 43 50 51 49 55 54 48 56 52 60 53 59 57 62 63 71 64 70 120 176
71 0 1 2 3 4 5 6 7 8 9 10 11 12 13 14 15 17 16 18 20 19 21 22 23 24 25 26 27 28 34 29 33 32 31 69 138 1671
72 30 35 38 37 36 39 40 41 42 45 47 46 44 43 50 51 49 55 54 48 56 52 60 53 59 57 58 62 63 69 75 71 65 126 869
73 30 35 38 37 36 39 40 41 42 45 47 46 44 43 50 51 49 55 54 48 56 52 60 53 59 57 58 62 63 75 71 65 120 126 155 968
74 0 1 2 3 4 5 6 7 8 9 10 11 12 13 14 15 17 16 18 20 19 21 22 23 24 25 26 27 28 34 29 33 32 31 120 155 2848 3097
75 0 1 2 3 4 5 6 7 8 9 10 11 12 13 14 15 17 16 18 20 19 21 22 23 24 25 26 27 28 34 29 33 32 30 35 37 1482 1671
76 0 1 2 3 4 5 6 7 8 9 10 11 12 13 14 15 17 16 18 20 19 21 22 23 24 25 26 27 28 34 29 33 32 31 120 155 2060
77 64 70 68 66 67 81 83 76 82 73 86 77 84 97 79 94 90 105 78 109 95 100 85 101 102 87 93 117 199 404 725
78 0 1 2 3 4 5 6 7 8 9 10 11 12 13 14 15 17 16 18 20 19 21 22 23 24 25 26 27 28 34 29 33 32 31 120 138 583 2264 3756
79 38 36 39 40 41 42 45 47 46 44 43 50 51 49 55 54 48 56 52 60 53 59 57 58 62 63 75 71 64 121 126 155
80 0 1 2 3 4 5 6 7 8 9 10 11 12 13 14 15 17 16 18 20 19 21 22 23 24 25 26 27 28 34 29 33 32 31 69 138 3244
81 0 1 2 3 4 5 6 7 8 9 10 11 12 13 14 15 17 16 18 20 19 21 22 23 24 25 26 27 28 34 29 33 32 31 69 138 1263 1671
82 0 1 2 3 4 5 6 7 8 9 10 11 12 13 14 15 17 16 18 20 19 21 22 23 24 25 26 27 28 29 33 32 31 30 38 37 62 138 3097
83 0 1 2 3 4 5 6 7 8 9 10 11 12 13 14 15 17 16 18 20 19 21 23 24 25 26 27 28 34 33 32 31 30 35 38 37 120
84 0 1 2 3 4 5 6 7 8 9 10 11 12 13 14 15 17 16 18 20 19 21 22 23 24 25 26 27 28 34 29 33 32 31 120 138 968 1482
85 30 35 38 37 36 39 40 41 42 45 47 46 44 43 50 51 49 55 54 48 56 52 60 53 59 58 62 63 75 71 70 176 7984
86 0 1 2 3 4 5 6 7 8 9 10 11 12 13 14 15 17 16 18 20 19 21 22 23 24 25 26 27 28 34 29 33 32 31 120 155 3849
87 30 35 38 37 36 39 40 41 42 45 47 46 44 43 50 51 49 55 54 48 56 52 60 53 59 57 58 62 63 75 71 65 120 199 3110
88 0 1 2 3 4 5 6 7 8 9 10 11 12 13 14 15 17 16 18 20 19 21 22 23 24 25 26 27 28 34 29 33 31 30 35 63 554
89 30 35 38 37 36 39 40 41 42 45 47 46 44 43 50 51 49 55 54 48 56 52 60 53 59 57 58 62 75 71 82 155 2060
90 0 1 2 3 4 5 6 7 8 9 10 11 12 13 14 15 17 16 18 19 21 22 23 24 25 26 27 28 34 29 33 32 31 30 63 120 155 554 968
91 0 1 2 3 4 5 6 7 8 9 10 11 12 13 14 15 17 16 18 20 19 21 22 23 24 25 26 27 28 34 29 33 32 30 35 37 138 3244 2591
92 0 1 2 3 4 5 6 7 8 9 10 11 12 13 14 15 17 16 18 20 19 21 22 23 24 25 26 27 28 34 29 33 32 31 69 583 3097
93 30 38 37 36 39 40 41 42 45 47 46 44 43 50 51 49 55 54 48 56 52 60 53 59 57 62 75 71 70 65 82 72
94 30 35 38 37 36 39 40 41 42 45 46 43 50 51 49 55 54 48 56 52 60 53 59 57 58 62 63 75 64 70 68
95 30 35 38 37 36 39 40 41 42 45 47 46 44 43 50 51 49 55 54 48 56 52 60 53 59 57 58 62 63 75 71 65 120 126 155 554
96 30 35 38 37 36 39 40 41 42 45 47 46 44 43 50 51 49 55 54 48 56 52 60 53 59 57 58 62 63 75 71 65 120 126 404
97 0 1 2 3 4 5 6 7 8 9 10 11 12 13 14 15 17 16 18 20 19 21 22 23 24 26 27 28 34 29 33 32 31 30 35 37 63
98 0 1 2 3 4 5 6 7 8 9 10 11 12 13 14 15 17 16 18 20 19 21 22 23 24 25 26 27 28 34 29 33 32 31 69 859 3097
99 0 1 2 3 4 5 6 7 8 9 10 11 12 13 14 15 17 16 18 20 19 21 22 23 24 25 26 27 28 34 29 33 32 31 69 138 708
